
5월 15, 2019 16:08:39.38 NEW SESSION
5월 15, 2019 16:08:39.38 [15960:15748:0515/160839.376:ERROR:browser_process_sub_thread.cc(217)] Waited 307 ms for network service
5월 15, 2019 16:08:39.40 
5월 15, 2019 16:08:39.40 KLIB_SelfTest return : KLR_OK
5월 15, 2019 16:08:57.86 [15500:9716:0515/160857.864:ERROR:textfield.cc(1773)] NOT IMPLEMENTED
5월 15, 2019 16:15:32.00 [15500:5644:0515/161532.007:ERROR:browser_process_sub_thread.cc(217)] Waited 8 ms for network service
5월 15, 2019 16:15:32.10 
5월 15, 2019 16:15:32.10 KLIB_SelfTest return : KLR_OK
5월 15, 2019 16:15:38.82 [9828:12580:0515/161538.829:ERROR:textfield.cc(1773)] NOT IMPLEMENTED
5월 15, 2019 16:21:43.98 [9828:4228:0515/162143.987:ERROR:browser_process_sub_thread.cc(217)] Waited 34 ms for network service
5월 15, 2019 16:21:44.07 
5월 15, 2019 16:21:44.07 KLIB_SelfTest return : KLR_OK
5월 15, 2019 16:21:53.40 [4632:16876:0515/162153.405:ERROR:browser_process_sub_thread.cc(217)] Waited 333 ms for network service
5월 15, 2019 16:21:53.42 
5월 15, 2019 16:21:53.42 KLIB_SelfTest return : KLR_OK
5월 15, 2019 16:22:12.87 [1656:17328:0515/162212.871:ERROR:browser_process_sub_thread.cc(217)] Waited 187 ms for network service
5월 15, 2019 16:22:12.88 
5월 15, 2019 16:22:12.89 KLIB_SelfTest return : KLR_OK

5월 16, 2019 12:53:25.67 NEW SESSION
5월 16, 2019 12:53:25.67 [1000:3720:0516/125325.649:ERROR:browser_process_sub_thread.cc(217)] Waited 263 ms for network service
5월 16, 2019 12:53:25.67 
5월 16, 2019 12:53:25.67 KLIB_SelfTest return : KLR_OK
5월 16, 2019 12:54:02.80 [13176:15836:0516/125402.807:ERROR:browser_process_sub_thread.cc(217)] Waited 294 ms for network service
5월 16, 2019 12:54:02.82 
5월 16, 2019 12:54:02.83 KLIB_SelfTest return : KLR_OK
5월 16, 2019 12:54:42.38 [15296:15420:0516/125442.386:ERROR:browser_process_sub_thread.cc(217)] Waited 190 ms for network service
5월 16, 2019 12:54:42.40 
5월 16, 2019 12:54:42.41 KLIB_SelfTest return : KLR_OK
5월 16, 2019 12:55:05.75 [9624:15480:0516/125505.753:ERROR:browser_process_sub_thread.cc(217)] Waited 240 ms for network service
5월 16, 2019 12:55:52.38 [14220:15472:0516/125552.388:ERROR:browser_process_sub_thread.cc(217)] Waited 311 ms for network service
5월 16, 2019 12:55:52.40 
5월 16, 2019 12:55:52.40 KLIB_SelfTest return : KLR_OK
5월 16, 2019 12:56:15.07 [3380:872:0516/125615.078:ERROR:browser_process_sub_thread.cc(217)] Waited 197 ms for network service
5월 16, 2019 12:56:15.09 
5월 16, 2019 12:56:15.10 KLIB_SelfTest return : KLR_OK
5월 16, 2019 18:20:36.34 [16792:16392:0516/182036.348:ERROR:browser_process_sub_thread.cc(217)] Waited 73 ms for network service
5월 16, 2019 18:20:36.37 
5월 16, 2019 18:20:36.37 KLIB_SelfTest return : KLR_OK

5월 20, 2019 10:19:41.24 NEW SESSION
5월 20, 2019 10:19:41.24 [17476:3184:0520/101941.207:ERROR:browser_process_sub_thread.cc(217)] Waited 158 ms for network service
5월 20, 2019 10:19:41.24 
5월 20, 2019 10:19:41.24 KLIB_SelfTest return : KLR_OK
5월 20, 2019 10:21:55.91 [18484:6632:0520/102155.912:ERROR:browser_process_sub_thread.cc(217)] Waited 49 ms for network service
5월 20, 2019 10:21:55.98 
5월 20, 2019 10:21:55.98 KLIB_SelfTest return : KLR_OK
5월 20, 2019 10:22:23.19 [16016:9096:0520/102223.195:ERROR:browser_process_sub_thread.cc(217)] Waited 177 ms for network service
5월 20, 2019 10:22:23.21 
5월 20, 2019 10:22:23.21 KLIB_SelfTest return : KLR_OK
5월 20, 2019 11:02:35.04 [15528:19404:0520/110235.046:ERROR:browser_process_sub_thread.cc(217)] Waited 55 ms for network service
5월 20, 2019 11:02:35.11 
5월 20, 2019 11:02:35.11 KLIB_SelfTest return : KLR_OK
5월 20, 2019 11:47:12.59 [18820:20372:0520/114712.590:ERROR:browser_process_sub_thread.cc(217)] Waited 46 ms for network service
5월 20, 2019 11:47:12.66 
5월 20, 2019 11:47:12.67 KLIB_SelfTest return : KLR_OK
5월 20, 2019 12:26:54.11 [13728:4564:0520/122654.110:ERROR:browser_process_sub_thread.cc(217)] Waited 550 ms for network service
5월 20, 2019 12:26:54.13 
5월 20, 2019 12:26:54.13 KLIB_SelfTest return : KLR_OK
5월 20, 2019 12:29:03.18 [20384:14156:0520/122903.186:ERROR:browser_process_sub_thread.cc(217)] Waited 80 ms for network service
5월 20, 2019 12:29:03.22 
5월 20, 2019 12:29:03.23 KLIB_SelfTest return : KLR_OK
5월 20, 2019 13:09:56.37 [14348:20256:0520/130956.370:ERROR:browser_process_sub_thread.cc(217)] Waited 40 ms for network service
5월 20, 2019 13:09:56.40 
5월 20, 2019 13:09:56.40 KLIB_SelfTest return : KLR_OK
5월 20, 2019 15:59:48.95 [20260:19360:0520/155948.953:ERROR:browser_process_sub_thread.cc(217)] Waited 191 ms for network service
5월 20, 2019 15:59:48.97 
5월 20, 2019 15:59:48.98 KLIB_SelfTest return : KLR_OK
5월 20, 2019 16:00:47.19 [15988:17740:0520/160047.199:ERROR:browser_process_sub_thread.cc(217)] Waited 120 ms for network service
5월 20, 2019 16:00:47.23 
5월 20, 2019 16:00:47.24 KLIB_SelfTest return : KLR_OK
5월 20, 2019 16:17:11.43 [14184:9096:0520/161711.434:ERROR:browser_process_sub_thread.cc(217)] Waited 60 ms for network service
5월 20, 2019 16:17:11.46 
5월 20, 2019 16:17:11.46 KLIB_SelfTest return : KLR_OK
5월 20, 2019 16:18:43.60 [18916:3200:0520/161843.600:ERROR:browser_process_sub_thread.cc(217)] Waited 50 ms for network service
5월 20, 2019 16:18:43.70 
5월 20, 2019 16:18:43.70 KLIB_SelfTest return : KLR_OK
5월 20, 2019 17:06:50.49 [20132:13108:0520/170650.496:ERROR:platform_sensor_reader_win.cc(244)] NOT IMPLEMENTED
5월 20, 2019 17:06:53.65 [20132:13108:0520/170653.650:ERROR:platform_sensor_reader_win.cc(244)] NOT IMPLEMENTED
5월 20, 2019 18:18:28.34 [20132:8976:0520/181828.348:ERROR:browser_process_sub_thread.cc(217)] Waited 48 ms for network service
5월 20, 2019 18:18:28.39 
5월 20, 2019 18:18:28.40 KLIB_SelfTest return : KLR_OK

5월 21, 2019 12:10:07.67 NEW SESSION
5월 21, 2019 12:10:07.67 [21964:21692:0521/121007.070:ERROR:browser_process_sub_thread.cc(217)] Waited 225 ms for network service
5월 21, 2019 12:10:09.32 
5월 21, 2019 12:10:09.32 KLIB_SelfTest return : KLR_OK
5월 21, 2019 17:49:34.13 [14724:21792:0521/174934.139:ERROR:browser_process_sub_thread.cc(217)] Waited 194 ms for network service
5월 21, 2019 17:49:34.17 
5월 21, 2019 17:49:34.17 KLIB_SelfTest return : KLR_OK
5월 21, 2019 17:55:25.26 [21584:21156:0521/175525.261:ERROR:platform_sensor_reader_win.cc(244)] NOT IMPLEMENTED
5월 21, 2019 18:21:01.37 [21584:22440:0521/182101.377:ERROR:browser_process_sub_thread.cc(217)] Waited 109 ms for network service
5월 21, 2019 18:21:01.41 
5월 21, 2019 18:21:01.41 KLIB_SelfTest return : KLR_OK

5월 22, 2019 11:59:18.36 NEW SESSION
5월 22, 2019 11:59:18.40 [20992:15224:0522/115917.966:ERROR:textfield.cc(1773)] NOT IMPLEMENTED
5월 22, 2019 14:53:34.18 [20992:10368:0522/145334.183:ERROR:platform_sensor_reader_win.cc(244)] NOT IMPLEMENTED
5월 22, 2019 14:53:38.17 [20992:10368:0522/145338.178:ERROR:platform_sensor_reader_win.cc(244)] NOT IMPLEMENTED
5월 22, 2019 14:53:40.96 [20992:10368:0522/145340.961:ERROR:platform_sensor_reader_win.cc(244)] NOT IMPLEMENTED
5월 22, 2019 17:06:59.48 [20992:16612:0522/170659.487:ERROR:browser_process_sub_thread.cc(217)] Waited 19 ms for network service
5월 22, 2019 17:07:01.02 
5월 22, 2019 17:07:01.03 KLIB_SelfTest return : KLR_OK

5월 23, 2019 18:18:41.27 NEW SESSION
5월 23, 2019 18:18:41.28 [428:18440:0523/181841.266:ERROR:browser_process_sub_thread.cc(217)] Waited 217 ms for network service
5월 23, 2019 18:18:41.31 
5월 23, 2019 18:18:41.31 KLIB_SelfTest return : KLR_OK
